This file contains any messages produced by compilers while
running configure, to aid debugging if configure makes a mistake.

It was created by configure, which was
generated by GNU Autoconf 2.65.  Invocation command line was

  $ ./configure 

## --------- ##
## Platform. ##
## --------- ##

hostname = hostile-amoeba
uname -m = x86_64
uname -r = 2.6.32-38-server
uname -s = Linux
uname -v = #83-Ubuntu SMP Wed Jan 4 11:26:59 UTC 2012

/usr/bin/uname -p = unknown
/bin/uname -X     = unknown

/bin/arch              = unknown
/usr/bin/arch -k       = unknown
/usr/convex/getsysinfo = unknown
/usr/bin/hostinfo      = unknown
/bin/machine           = unknown
/usr/bin/oslevel       = unknown
/bin/universe          = unknown

PATH: /lusr/bin
PATH: /sbin
PATH: /bin
PATH: /usr/sbin
PATH: /usr/bin
PATH: /usr/games
PATH: /usr/bin/mh
PATH: /lusr/share/hosts
PATH: /lusr/bin/tex
PATH: /lusr/games/bin
PATH: /lusr/opt/condor/bin
PATH: .


## ----------- ##
## Core tests. ##
## ----------- ##

configure:2394: checking for a BSD-compatible install
configure:2462: result: /usr/bin/install -c
configure:2473: checking whether build environment is sane
configure:2523: result: yes
configure:2664: checking for a thread-safe mkdir -p
configure:2703: result: /bin/mkdir -p
configure:2716: checking for gawk
configure:2732: found /usr/bin/gawk
configure:2743: result: gawk
configure:2754: checking whether make sets $(MAKE)
configure:2776: result: yes
configure:2923: checking for g++
configure:2939: found /usr/bin/g++
configure:2950: result: g++
configure:2977: checking for C++ compiler version
configure:2986: g++ --version >&5
g++ (Ubuntu 4.4.3-4ubuntu5) 4.4.3
Copyright (C) 2009 Free Software Foundation, Inc.
This is free software; see the source for copying conditions.  There is NO
warranty; not even for MERCHANTABILITY or FITNESS FOR A PARTICULAR PURPOSE.

configure:2997: $? = 0
configure:2986: g++ -v >&5
Using built-in specs.
Target: x86_64-linux-gnu
Configured with: ../src/configure -v --with-pkgversion='Ubuntu 4.4.3-4ubuntu5' --with-bugurl=file:///usr/share/doc/gcc-4.4/README.Bugs --enable-languages=c,c++,fortran,objc,obj-c++ --prefix=/usr --enable-shared --enable-multiarch --enable-linker-build-id --with-system-zlib --libexecdir=/usr/lib --without-included-gettext --enable-threads=posix --with-gxx-include-dir=/usr/include/c++/4.4 --program-suffix=-4.4 --enable-nls --enable-clocale=gnu --enable-libstdcxx-debug --enable-plugin --enable-objc-gc --disable-werror --with-arch-32=i486 --with-tune=generic --enable-checking=release --build=x86_64-linux-gnu --host=x86_64-linux-gnu --target=x86_64-linux-gnu
Thread model: posix
gcc version 4.4.3 (Ubuntu 4.4.3-4ubuntu5) 
configure:2997: $? = 0
configure:2986: g++ -V >&5
g++: '-V' option must have argument
configure:2997: $? = 1
configure:2986: g++ -qversion >&5
g++: unrecognized option '-qversion'
g++: no input files
configure:2997: $? = 1
configure:3017: checking whether the C++ compiler works
configure:3039: g++    conftest.cpp  >&5
configure:3043: $? = 0
configure:3092: result: yes
configure:3095: checking for C++ compiler default output file name
configure:3097: result: a.out
configure:3103: checking for suffix of executables
configure:3110: g++ -o conftest    conftest.cpp  >&5
configure:3114: $? = 0
configure:3136: result: 
configure:3158: checking whether we are cross compiling
configure:3166: g++ -o conftest    conftest.cpp  >&5
configure:3170: $? = 0
configure:3177: ./conftest
configure:3181: $? = 0
configure:3196: result: no
configure:3201: checking for suffix of object files
configure:3223: g++ -c   conftest.cpp >&5
configure:3227: $? = 0
configure:3248: result: o
configure:3252: checking whether we are using the GNU C++ compiler
configure:3271: g++ -c   conftest.cpp >&5
configure:3271: $? = 0
configure:3280: result: yes
configure:3289: checking whether g++ accepts -g
configure:3309: g++ -c -g  conftest.cpp >&5
configure:3309: $? = 0
configure:3350: result: yes
configure:3384: checking for style of include used by make
configure:3412: result: GNU
configure:3437: checking dependency style of g++
configure:3547: result: gcc3
configure:3564: WARNING: Libtool does not cope well with whitespace in `pwd`
configure:3591: checking build system type
configure:3605: result: x86_64-unknown-linux-gnu
configure:3625: checking host system type
configure:3638: result: x86_64-unknown-linux-gnu
configure:3706: checking for gcc
configure:3722: found /usr/bin/gcc
configure:3733: result: gcc
configure:3962: checking for C compiler version
configure:3971: gcc --version >&5
gcc (Ubuntu 4.4.3-4ubuntu5) 4.4.3
Copyright (C) 2009 Free Software Foundation, Inc.
This is free software; see the source for copying conditions.  There is NO
warranty; not even for MERCHANTABILITY or FITNESS FOR A PARTICULAR PURPOSE.

configure:3982: $? = 0
configure:3971: gcc -v >&5
Using built-in specs.
Target: x86_64-linux-gnu
Configured with: ../src/configure -v --with-pkgversion='Ubuntu 4.4.3-4ubuntu5' --with-bugurl=file:///usr/share/doc/gcc-4.4/README.Bugs --enable-languages=c,c++,fortran,objc,obj-c++ --prefix=/usr --enable-shared --enable-multiarch --enable-linker-build-id --with-system-zlib --libexecdir=/usr/lib --without-included-gettext --enable-threads=posix --with-gxx-include-dir=/usr/include/c++/4.4 --program-suffix=-4.4 --enable-nls --enable-clocale=gnu --enable-libstdcxx-debug --enable-plugin --enable-objc-gc --disable-werror --with-arch-32=i486 --with-tune=generic --enable-checking=release --build=x86_64-linux-gnu --host=x86_64-linux-gnu --target=x86_64-linux-gnu
Thread model: posix
gcc version 4.4.3 (Ubuntu 4.4.3-4ubuntu5) 
configure:3982: $? = 0
configure:3971: gcc -V >&5
gcc: '-V' option must have argument
configure:3982: $? = 1
configure:3971: gcc -qversion >&5
gcc: unrecognized option '-qversion'
gcc: no input files
configure:3982: $? = 1
configure:3986: checking whether we are using the GNU C compiler
configure:4005: gcc -c   conftest.c >&5
configure:4005: $? = 0
configure:4014: result: yes
configure:4023: checking whether gcc accepts -g
configure:4043: gcc -c -g  conftest.c >&5
configure:4043: $? = 0
configure:4084: result: yes
configure:4101: checking for gcc option to accept ISO C89
configure:4165: gcc  -c -g -O2  conftest.c >&5
configure:4165: $? = 0
configure:4178: result: none needed
configure:4200: checking dependency style of gcc
configure:4310: result: gcc3
configure:4325: checking for a sed that does not truncate output
configure:4389: result: /bin/sed
configure:4407: checking for grep that handles long lines and -e
configure:4465: result: /bin/grep
configure:4470: checking for egrep
configure:4532: result: /bin/grep -E
configure:4537: checking for fgrep
configure:4599: result: /bin/grep -F
configure:4634: checking for ld used by gcc
configure:4701: result: /usr/bin/ld
configure:4708: checking if the linker (/usr/bin/ld) is GNU ld
configure:4723: result: yes
configure:4735: checking for BSD- or MS-compatible name lister (nm)
configure:4784: result: /usr/bin/nm -B
configure:4902: checking the name lister (/usr/bin/nm -B) interface
configure:4909: g++ -c -g -O2  conftest.cpp >&5
configure:4912: /usr/bin/nm -B "conftest.o"
configure:4915: output
0000000000000000 B some_variable
configure:4922: result: BSD nm
configure:4925: checking whether ln -s works
configure:4929: result: yes
configure:4937: checking the maximum length of command line arguments
configure:5057: result: 1572864
configure:5074: checking whether the shell understands some XSI constructs
configure:5084: result: yes
configure:5088: checking whether the shell understands "+="
configure:5094: result: yes
configure:5129: checking for /usr/bin/ld option to reload object files
configure:5136: result: -r
configure:5205: checking for objdump
configure:5221: found /usr/bin/objdump
configure:5232: result: objdump
configure:5264: checking how to recognize dependent libraries
configure:5460: result: pass_all
configure:5520: checking for ar
configure:5536: found /usr/bin/ar
configure:5547: result: ar
configure:5625: checking for strip
configure:5641: found /usr/bin/strip
configure:5652: result: strip
configure:5724: checking for ranlib
configure:5740: found /usr/bin/ranlib
configure:5751: result: ranlib
configure:5841: checking command to parse /usr/bin/nm -B output from gcc object
configure:5959: g++ -c -g -O2  conftest.cpp >&5
configure:5962: $? = 0
configure:5966: /usr/bin/nm -B conftest.o \| sed -n -e 's/^.*[	 ]\([ABCDGIRSTW][ABCDGIRSTW]*\)[	 ][	 ]*\([_A-Za-z][_A-Za-z0-9]*\)$/\1 \2 \2/p' \> conftest.nm
configure:5969: $? = 0
configure:6023: g++ -o conftest -g -O2   conftest.cpp conftstm.o >&5
configure:6026: $? = 0
configure:6064: result: ok
configure:6160: g++ -c -g -O2  conftest.cpp >&5
configure:6163: $? = 0
configure:6873: checking how to run the C preprocessor
configure:6904: gcc -E  conftest.c
configure:6904: $? = 0
configure:6918: gcc -E  conftest.c
conftest.c:11:28: error: ac_nonexistent.h: No such file or directory
configure:6918: $? = 1
configure: failed program was:
| /* confdefs.h */
| #define PACKAGE_NAME ""
| #define PACKAGE_TARNAME ""
| #define PACKAGE_VERSION ""
| #define PACKAGE_STRING ""
| #define PACKAGE_BUGREPORT ""
| #define PACKAGE_URL ""
| #define PACKAGE "SampleApp"
| #define VERSION "0.1"
| /* end confdefs.h.  */
| #include <ac_nonexistent.h>
configure:6943: result: gcc -E
configure:6963: gcc -E  conftest.c
configure:6963: $? = 0
configure:6977: gcc -E  conftest.c
conftest.c:11:28: error: ac_nonexistent.h: No such file or directory
configure:6977: $? = 1
configure: failed program was:
| /* confdefs.h */
| #define PACKAGE_NAME ""
| #define PACKAGE_TARNAME ""
| #define PACKAGE_VERSION ""
| #define PACKAGE_STRING ""
| #define PACKAGE_BUGREPORT ""
| #define PACKAGE_URL ""
| #define PACKAGE "SampleApp"
| #define VERSION "0.1"
| /* end confdefs.h.  */
| #include <ac_nonexistent.h>
configure:7006: checking for ANSI C header files
configure:7026: gcc -c -g -O2  conftest.c >&5
configure:7026: $? = 0
configure:7099: gcc -o conftest -g -O2   conftest.c  >&5
configure:7099: $? = 0
configure:7099: ./conftest
configure:7099: $? = 0
configure:7110: result: yes
configure:7123: checking for sys/types.h
configure:7123: gcc -c -g -O2  conftest.c >&5
configure:7123: $? = 0
configure:7123: result: yes
configure:7123: checking for sys/stat.h
configure:7123: gcc -c -g -O2  conftest.c >&5
configure:7123: $? = 0
configure:7123: result: yes
configure:7123: checking for stdlib.h
configure:7123: gcc -c -g -O2  conftest.c >&5
configure:7123: $? = 0
configure:7123: result: yes
configure:7123: checking for string.h
configure:7123: gcc -c -g -O2  conftest.c >&5
configure:7123: $? = 0
configure:7123: result: yes
configure:7123: checking for memory.h
configure:7123: gcc -c -g -O2  conftest.c >&5
configure:7123: $? = 0
configure:7123: result: yes
configure:7123: checking for strings.h
configure:7123: gcc -c -g -O2  conftest.c >&5
configure:7123: $? = 0
configure:7123: result: yes
configure:7123: checking for inttypes.h
configure:7123: gcc -c -g -O2  conftest.c >&5
configure:7123: $? = 0
configure:7123: result: yes
configure:7123: checking for stdint.h
configure:7123: gcc -c -g -O2  conftest.c >&5
configure:7123: $? = 0
configure:7123: result: yes
configure:7123: checking for unistd.h
configure:7123: gcc -c -g -O2  conftest.c >&5
configure:7123: $? = 0
configure:7123: result: yes
configure:7138: checking for dlfcn.h
configure:7138: gcc -c -g -O2  conftest.c >&5
configure:7138: $? = 0
configure:7138: result: yes
configure:7263: checking for C++ compiler version
configure:7272: g++ --version >&5
g++ (Ubuntu 4.4.3-4ubuntu5) 4.4.3
Copyright (C) 2009 Free Software Foundation, Inc.
This is free software; see the source for copying conditions.  There is NO
warranty; not even for MERCHANTABILITY or FITNESS FOR A PARTICULAR PURPOSE.

configure:7283: $? = 0
configure:7272: g++ -v >&5
Using built-in specs.
Target: x86_64-linux-gnu
Configured with: ../src/configure -v --with-pkgversion='Ubuntu 4.4.3-4ubuntu5' --with-bugurl=file:///usr/share/doc/gcc-4.4/README.Bugs --enable-languages=c,c++,fortran,objc,obj-c++ --prefix=/usr --enable-shared --enable-multiarch --enable-linker-build-id --with-system-zlib --libexecdir=/usr/lib --without-included-gettext --enable-threads=posix --with-gxx-include-dir=/usr/include/c++/4.4 --program-suffix=-4.4 --enable-nls --enable-clocale=gnu --enable-libstdcxx-debug --enable-plugin --enable-objc-gc --disable-werror --with-arch-32=i486 --with-tune=generic --enable-checking=release --build=x86_64-linux-gnu --host=x86_64-linux-gnu --target=x86_64-linux-gnu
Thread model: posix
gcc version 4.4.3 (Ubuntu 4.4.3-4ubuntu5) 
configure:7283: $? = 0
configure:7272: g++ -V >&5
g++: '-V' option must have argument
configure:7283: $? = 1
configure:7272: g++ -qversion >&5
g++: unrecognized option '-qversion'
g++: no input files
configure:7283: $? = 1
configure:7287: checking whether we are using the GNU C++ compiler
configure:7315: result: yes
configure:7324: checking whether g++ accepts -g
configure:7385: result: yes
configure:7410: checking dependency style of g++
configure:7520: result: gcc3
configure:7543: checking how to run the C++ preprocessor
configure:7570: g++ -E  conftest.cpp
configure:7570: $? = 0
configure:7584: g++ -E  conftest.cpp
conftest.cpp:22:28: error: ac_nonexistent.h: No such file or directory
configure:7584: $? = 1
configure: failed program was:
| /* confdefs.h */
| #define PACKAGE_NAME ""
| #define PACKAGE_TARNAME ""
| #define PACKAGE_VERSION ""
| #define PACKAGE_STRING ""
| #define PACKAGE_BUGREPORT ""
| #define PACKAGE_URL ""
| #define PACKAGE "SampleApp"
| #define VERSION "0.1"
| #define STDC_HEADERS 1
| #define HAVE_SYS_TYPES_H 1
| #define HAVE_SYS_STAT_H 1
| #define HAVE_STDLIB_H 1
| #define HAVE_STRING_H 1
| #define HAVE_MEMORY_H 1
| #define HAVE_STRINGS_H 1
| #define HAVE_INTTYPES_H 1
| #define HAVE_STDINT_H 1
| #define HAVE_UNISTD_H 1
| #define HAVE_DLFCN_H 1
| /* end confdefs.h.  */
| #include <ac_nonexistent.h>
configure:7609: result: g++ -E
configure:7629: g++ -E  conftest.cpp
configure:7629: $? = 0
configure:7643: g++ -E  conftest.cpp
conftest.cpp:22:28: error: ac_nonexistent.h: No such file or directory
configure:7643: $? = 1
configure: failed program was:
| /* confdefs.h */
| #define PACKAGE_NAME ""
| #define PACKAGE_TARNAME ""
| #define PACKAGE_VERSION ""
| #define PACKAGE_STRING ""
| #define PACKAGE_BUGREPORT ""
| #define PACKAGE_URL ""
| #define PACKAGE "SampleApp"
| #define VERSION "0.1"
| #define STDC_HEADERS 1
| #define HAVE_SYS_TYPES_H 1
| #define HAVE_SYS_STAT_H 1
| #define HAVE_STDLIB_H 1
| #define HAVE_STRING_H 1
| #define HAVE_MEMORY_H 1
| #define HAVE_STRINGS_H 1
| #define HAVE_INTTYPES_H 1
| #define HAVE_STDINT_H 1
| #define HAVE_UNISTD_H 1
| #define HAVE_DLFCN_H 1
| /* end confdefs.h.  */
| #include <ac_nonexistent.h>
configure:7849: checking for objdir
configure:7864: result: .libs
configure:8156: checking if gcc supports -fno-rtti -fno-exceptions
configure:8174: gcc -c -g -O2  -fno-rtti -fno-exceptions conftest.c >&5
cc1: warning: command line option "-fno-rtti" is valid for C++/ObjC++ but not for C
configure:8178: $? = 0
configure:8191: result: no
configure:8211: checking for gcc option to produce PIC
configure:8483: result: -fPIC -DPIC
configure:8495: checking if gcc PIC flag -fPIC -DPIC works
configure:8513: gcc -c -g -O2  -fPIC -DPIC -DPIC conftest.c >&5
configure:8517: $? = 0
configure:8530: result: yes
configure:8554: checking if gcc static flag -static works
configure:8582: result: yes
configure:8597: checking if gcc supports -c -o file.o
configure:8618: gcc -c -g -O2  -o out/conftest2.o conftest.c >&5
configure:8622: $? = 0
configure:8644: result: yes
configure:8652: checking if gcc supports -c -o file.o
configure:8699: result: yes
configure:8732: checking whether the gcc linker (/usr/bin/ld -m elf_x86_64) supports shared libraries
configure:9723: result: yes
configure:9760: checking whether -lc should be explicitly linked in
configure:9765: gcc -c -g -O2  conftest.c >&5
configure:9768: $? = 0
configure:9783: gcc -shared conftest.o  -v -Wl,-soname -Wl,conftest -o conftest 2\>\&1 \| /bin/grep  -lc  \>/dev/null 2\>\&1
configure:9786: $? = 0
configure:9798: result: no
configure:9962: checking dynamic linker characteristics
configure:10395: gcc -o conftest -g -O2   -Wl,-rpath -Wl,/foo conftest.c  >&5
configure:10395: $? = 0
configure:10625: result: GNU/Linux ld.so
configure:10727: checking how to hardcode library paths into programs
configure:10752: result: immediate
configure:11272: checking whether stripping libraries is possible
configure:11277: result: yes
configure:11312: checking if libtool supports shared libraries
configure:11314: result: yes
configure:11317: checking whether to build shared libraries
configure:11338: result: yes
configure:11341: checking whether to build static libraries
configure:11345: result: yes
configure:11495: checking for ld used by g++
configure:11562: result: /usr/bin/ld -m elf_x86_64
configure:11569: checking if the linker (/usr/bin/ld -m elf_x86_64) is GNU ld
configure:11584: result: yes
configure:11639: checking whether the g++ linker (/usr/bin/ld -m elf_x86_64) supports shared libraries
configure:12552: result: yes
configure:12580: g++ -c -g -O2  conftest.cpp >&5
configure:12583: $? = 0
configure:12765: checking for g++ option to produce PIC
configure:13082: result: -fPIC -DPIC
configure:13091: checking if g++ PIC flag -fPIC -DPIC works
configure:13109: g++ -c -g -O2  -fPIC -DPIC -DPIC conftest.cpp >&5
configure:13113: $? = 0
configure:13126: result: yes
configure:13147: checking if g++ static flag -static works
configure:13175: result: yes
configure:13187: checking if g++ supports -c -o file.o
configure:13208: g++ -c -g -O2  -o out/conftest2.o conftest.cpp >&5
configure:13212: $? = 0
configure:13234: result: yes
configure:13239: checking if g++ supports -c -o file.o
configure:13286: result: yes
configure:13316: checking whether the g++ linker (/usr/bin/ld -m elf_x86_64) supports shared libraries
configure:13345: result: yes
configure:13482: checking dynamic linker characteristics
configure:13863: g++ -o conftest -g -O2   -Wl,-rpath -Wl,/foo conftest.cpp  >&5
configure:13863: $? = 0
configure:14093: result: GNU/Linux ld.so
configure:14144: checking how to hardcode library paths into programs
configure:14169: result: immediate
configure:14277: checking for pkg-config
configure:14295: found /usr/bin/pkg-config
configure:14307: result: /usr/bin/pkg-config
configure:14332: checking pkg-config is at least version 0.9.0
configure:14335: result: yes
configure:14346: checking for OGRE
configure:14354: $PKG_CONFIG --exists --print-errors "OGRE >= 1.2"
configure:14357: $? = 0
configure:14372: $PKG_CONFIG --exists --print-errors "OGRE >= 1.2"
configure:14375: $? = 0
configure:14430: result: yes
configure:14439: checking for OIS
configure:14447: $PKG_CONFIG --exists --print-errors "OIS >= 1.0"
configure:14450: $? = 0
configure:14465: $PKG_CONFIG --exists --print-errors "OIS >= 1.0"
configure:14468: $? = 0
configure:14523: result: yes
configure:14658: creating ./config.status

## ---------------------- ##
## Running config.status. ##
## ---------------------- ##

This file was extended by config.status, which was
generated by GNU Autoconf 2.65.  Invocation command line was

  CONFIG_FILES    = 
  CONFIG_HEADERS  = 
  CONFIG_LINKS    = 
  CONFIG_COMMANDS = 
  $ ./config.status 

on hostile-amoeba

config.status:1129: creating Makefile
config.status:1129: creating config.h
config.status:1301: config.h is unchanged
config.status:1349: executing depfiles commands
config.status:1349: executing libtool commands

## ---------------- ##
## Cache variables. ##
## ---------------- ##

ac_cv_build=x86_64-unknown-linux-gnu
ac_cv_c_compiler_gnu=yes
ac_cv_cxx_compiler_gnu=yes
ac_cv_env_CCC_set=
ac_cv_env_CCC_value=
ac_cv_env_CC_set=
ac_cv_env_CC_value=
ac_cv_env_CFLAGS_set=
ac_cv_env_CFLAGS_value=
ac_cv_env_CPPFLAGS_set=
ac_cv_env_CPPFLAGS_value=
ac_cv_env_CPP_set=
ac_cv_env_CPP_value=
ac_cv_env_CXXCPP_set=
ac_cv_env_CXXCPP_value=
ac_cv_env_CXXFLAGS_set=
ac_cv_env_CXXFLAGS_value=
ac_cv_env_CXX_set=
ac_cv_env_CXX_value=
ac_cv_env_LDFLAGS_set=
ac_cv_env_LDFLAGS_value=
ac_cv_env_LIBS_set=
ac_cv_env_LIBS_value=
ac_cv_env_OGRE_CFLAGS_set=
ac_cv_env_OGRE_CFLAGS_value=
ac_cv_env_OGRE_LIBS_set=
ac_cv_env_OGRE_LIBS_value=
ac_cv_env_OIS_CFLAGS_set=
ac_cv_env_OIS_CFLAGS_value=
ac_cv_env_OIS_LIBS_set=
ac_cv_env_OIS_LIBS_value=
ac_cv_env_PKG_CONFIG_set=
ac_cv_env_PKG_CONFIG_value=
ac_cv_env_build_alias_set=
ac_cv_env_build_alias_value=
ac_cv_env_host_alias_set=
ac_cv_env_host_alias_value=
ac_cv_env_target_alias_set=
ac_cv_env_target_alias_value=
ac_cv_header_dlfcn_h=yes
ac_cv_header_inttypes_h=yes
ac_cv_header_memory_h=yes
ac_cv_header_stdc=yes
ac_cv_header_stdint_h=yes
ac_cv_header_stdlib_h=yes
ac_cv_header_string_h=yes
ac_cv_header_strings_h=yes
ac_cv_header_sys_stat_h=yes
ac_cv_header_sys_types_h=yes
ac_cv_header_unistd_h=yes
ac_cv_host=x86_64-unknown-linux-gnu
ac_cv_objext=o
ac_cv_path_EGREP='/bin/grep -E'
ac_cv_path_FGREP='/bin/grep -F'
ac_cv_path_GREP=/bin/grep
ac_cv_path_SED=/bin/sed
ac_cv_path_ac_pt_PKG_CONFIG=/usr/bin/pkg-config
ac_cv_path_install='/usr/bin/install -c'
ac_cv_path_mkdir=/bin/mkdir
ac_cv_prog_AWK=gawk
ac_cv_prog_CPP='gcc -E'
ac_cv_prog_CXXCPP='g++ -E'
ac_cv_prog_ac_ct_AR=ar
ac_cv_prog_ac_ct_CC=gcc
ac_cv_prog_ac_ct_CXX=g++
ac_cv_prog_ac_ct_OBJDUMP=objdump
ac_cv_prog_ac_ct_RANLIB=ranlib
ac_cv_prog_ac_ct_STRIP=strip
ac_cv_prog_cc_c89=
ac_cv_prog_cc_g=yes
ac_cv_prog_cxx_g=yes
ac_cv_prog_make_make_set=yes
am_cv_CC_dependencies_compiler_type=gcc3
am_cv_CXX_dependencies_compiler_type=gcc3
lt_cv_deplibs_check_method=pass_all
lt_cv_file_magic_cmd='$MAGIC_CMD'
lt_cv_file_magic_test_file=
lt_cv_ld_reload_flag=-r
lt_cv_nm_interface='BSD nm'
lt_cv_objdir=.libs
lt_cv_path_LD=/usr/bin/ld
lt_cv_path_LDCXX='/usr/bin/ld -m elf_x86_64'
lt_cv_path_NM='/usr/bin/nm -B'
lt_cv_prog_compiler_c_o=yes
lt_cv_prog_compiler_c_o_CXX=yes
lt_cv_prog_compiler_pic_works=yes
lt_cv_prog_compiler_pic_works_CXX=yes
lt_cv_prog_compiler_rtti_exceptions=no
lt_cv_prog_compiler_static_works=yes
lt_cv_prog_compiler_static_works_CXX=yes
lt_cv_prog_gnu_ld=yes
lt_cv_prog_gnu_ldcxx=yes
lt_cv_sys_global_symbol_pipe='sed -n -e '\''s/^.*[	 ]\([ABCDGIRSTW][ABCDGIRSTW]*\)[	 ][	 ]*\([_A-Za-z][_A-Za-z0-9]*\)$/\1 \2 \2/p'\'''
lt_cv_sys_global_symbol_to_c_name_address='sed -n -e '\''s/^: \([^ ]*\) $/  {\"\1\", (void *) 0},/p'\'' -e '\''s/^[ABCDGIRSTW]* \([^ ]*\) \([^ ]*\)$/  {"\2", (void *) \&\2},/p'\'''
lt_cv_sys_global_symbol_to_c_name_address_lib_prefix='sed -n -e '\''s/^: \([^ ]*\) $/  {\"\1\", (void *) 0},/p'\'' -e '\''s/^[ABCDGIRSTW]* \([^ ]*\) \(lib[^ ]*\)$/  {"\2", (void *) \&\2},/p'\'' -e '\''s/^[ABCDGIRSTW]* \([^ ]*\) \([^ ]*\)$/  {"lib\2", (void *) \&\2},/p'\'''
lt_cv_sys_global_symbol_to_cdecl='sed -n -e '\''s/^T .* \(.*\)$/extern int \1();/p'\'' -e '\''s/^[ABCDGIRSTW]* .* \(.*\)$/extern char \1;/p'\'''
lt_cv_sys_max_cmd_len=1572864
pkg_cv_OGRE_CFLAGS='-pthread -I/lusr/opt/ogre-1.7.4/include -I/lusr/opt/ogre-1.7.4/include/OGRE  '
pkg_cv_OGRE_LIBS='-L/lusr/opt/ogre-1.7.4/lib -lOgreMain -lpthread  '
pkg_cv_OIS_CFLAGS='-I/usr/include/OIS  '
pkg_cv_OIS_LIBS='-lOIS  '

## ----------------- ##
## Output variables. ##
## ----------------- ##

ACLOCAL='${SHELL} "/v/filer4b/v38q001/xty56/Desktop/Ogre Projects/Game_Tech_Assignement1/missing" --run aclocal-1.11'
AMDEPBACKSLASH='\'
AMDEP_FALSE='#'
AMDEP_TRUE=''
AMTAR='${SHELL} "/v/filer4b/v38q001/xty56/Desktop/Ogre Projects/Game_Tech_Assignement1/missing" --run tar'
AR='ar'
AUTOCONF='${SHELL} "/v/filer4b/v38q001/xty56/Desktop/Ogre Projects/Game_Tech_Assignement1/missing" --run autoconf'
AUTOHEADER='${SHELL} "/v/filer4b/v38q001/xty56/Desktop/Ogre Projects/Game_Tech_Assignement1/missing" --run autoheader'
AUTOMAKE='${SHELL} "/v/filer4b/v38q001/xty56/Desktop/Ogre Projects/Game_Tech_Assignement1/missing" --run automake-1.11'
AWK='gawk'
CC='gcc'
CCDEPMODE='depmode=gcc3'
CFLAGS='-g -O2'
CPP='gcc -E'
CPPFLAGS=''
CXX='g++'
CXXCPP='g++ -E'
CXXDEPMODE='depmode=gcc3'
CXXFLAGS='-g -O2'
CYGPATH_W='echo'
DEFS='-DHAVE_CONFIG_H'
DEPDIR='.deps'
DSYMUTIL=''
DUMPBIN=''
ECHO_C=''
ECHO_N='-n'
ECHO_T=''
EGREP='/bin/grep -E'
EXEEXT=''
FGREP='/bin/grep -F'
GREP='/bin/grep'
INSTALL_DATA='${INSTALL} -m 644'
INSTALL_PROGRAM='${INSTALL}'
INSTALL_SCRIPT='${INSTALL}'
INSTALL_STRIP_PROGRAM='$(install_sh) -c -s'
LD='/usr/bin/ld -m elf_x86_64'
LDFLAGS=''
LIBOBJS=''
LIBS=''
LIBTOOL='$(SHELL) $(top_builddir)/libtool'
LIPO=''
LN_S='ln -s'
LTLIBOBJS=''
MAKEINFO='${SHELL} "/v/filer4b/v38q001/xty56/Desktop/Ogre Projects/Game_Tech_Assignement1/missing" --run makeinfo'
MKDIR_P='/bin/mkdir -p'
NM='/usr/bin/nm -B'
NMEDIT=''
OBJDUMP='objdump'
OBJEXT='o'
OGRE_CFLAGS='-pthread -I/lusr/opt/ogre-1.7.4/include -I/lusr/opt/ogre-1.7.4/include/OGRE  '
OGRE_LIBS='-L/lusr/opt/ogre-1.7.4/lib -lOgreMain -lpthread  '
OIS_CFLAGS='-I/usr/include/OIS  '
OIS_LIBS='-lOIS  '
OTOOL64=''
OTOOL=''
PACKAGE='SampleApp'
PACKAGE_BUGREPORT=''
PACKAGE_NAME=''
PACKAGE_STRING=''
PACKAGE_TARNAME=''
PACKAGE_URL=''
PACKAGE_VERSION=''
PATH_SEPARATOR=':'
PKG_CONFIG='/usr/bin/pkg-config'
RANLIB='ranlib'
SED='/bin/sed'
SET_MAKE=''
SHELL='/bin/bash'
STRIP='strip'
VERSION='0.1'
ac_ct_CC='gcc'
ac_ct_CXX='g++'
ac_ct_DUMPBIN=''
am__EXEEXT_FALSE=''
am__EXEEXT_TRUE='#'
am__fastdepCC_FALSE='#'
am__fastdepCC_TRUE=''
am__fastdepCXX_FALSE='#'
am__fastdepCXX_TRUE=''
am__include='include'
am__isrc=''
am__leading_dot='.'
am__quote=''
am__tar='${AMTAR} chof - "$$tardir"'
am__untar='${AMTAR} xf -'
bindir='${exec_prefix}/bin'
build='x86_64-unknown-linux-gnu'
build_alias=''
build_cpu='x86_64'
build_os='linux-gnu'
build_vendor='unknown'
datadir='${datarootdir}'
datarootdir='${prefix}/share'
docdir='${datarootdir}/doc/${PACKAGE}'
dvidir='${docdir}'
exec_prefix='${prefix}'
host='x86_64-unknown-linux-gnu'
host_alias=''
host_cpu='x86_64'
host_os='linux-gnu'
host_vendor='unknown'
htmldir='${docdir}'
includedir='${prefix}/include'
infodir='${datarootdir}/info'
install_sh='${SHELL} '\''/v/filer4b/v38q001/xty56/Desktop/Ogre Projects/Game_Tech_Assignement1/install-sh'\'''
libdir='${exec_prefix}/lib'
libexecdir='${exec_prefix}/libexec'
localedir='${datarootdir}/locale'
localstatedir='${prefix}/var'
lt_ECHO='echo'
mandir='${datarootdir}/man'
mkdir_p='/bin/mkdir -p'
oldincludedir='/usr/include'
pdfdir='${docdir}'
prefix='/usr/local'
program_transform_name='s,x,x,'
psdir='${docdir}'
sbindir='${exec_prefix}/sbin'
sharedstatedir='${prefix}/com'
sysconfdir='${prefix}/etc'
target_alias=''

## ----------- ##
## confdefs.h. ##
## ----------- ##

/* confdefs.h */
#define PACKAGE_NAME ""
#define PACKAGE_TARNAME ""
#define PACKAGE_VERSION ""
#define PACKAGE_STRING ""
#define PACKAGE_BUGREPORT ""
#define PACKAGE_URL ""
#define PACKAGE "SampleApp"
#define VERSION "0.1"
#define STDC_HEADERS 1
#define HAVE_SYS_TYPES_H 1
#define HAVE_SYS_STAT_H 1
#define HAVE_STDLIB_H 1
#define HAVE_STRING_H 1
#define HAVE_MEMORY_H 1
#define HAVE_STRINGS_H 1
#define HAVE_INTTYPES_H 1
#define HAVE_STDINT_H 1
#define HAVE_UNISTD_H 1
#define HAVE_DLFCN_H 1
#define LT_OBJDIR ".libs/"

configure: exit 0
